Starting audit...
[ERROR] F:\git files\testing-repository\ADS-1\ADS 1 Assignments\m12\Assignment-1\Solution.java:0: File does not end with a newline. [NewlineAtEndOfFile]
[ERROR] F:\git files\testing-repository\ADS-1\ADS 1 Assignments\m12\Assignment-1\Solution.java:3: Missing a Javadoc comment. [JavadocType]
[ERROR] F:\git files\testing-repository\ADS-1\ADS 1 Assignments\m12\Assignment-1\Solution.java:4:1: File contains tab characters (this is the first instance). [FileTabCharacter]
[ERROR] F:\git files\testing-repository\ADS-1\ADS 1 Assignments\m12\Assignment-1\Solution.java:4:9: Missing a Javadoc comment. [JavadocVariable]
[ERROR] F:\git files\testing-repository\ADS-1\ADS 1 Assignments\m12\Assignment-1\Solution.java:4:16: Variable 'sname' must be private and have accessor methods. [VisibilityModifier]
[ERROR] F:\git files\testing-repository\ADS-1\ADS 1 Assignments\m12\Assignment-1\Solution.java:5:9: Missing a Javadoc comment. [JavadocVariable]
[ERROR] F:\git files\testing-repository\ADS-1\ADS 1 Assignments\m12\Assignment-1\Solution.java:5:16: Variable 'dob' must be private and have accessor methods. [VisibilityModifier]
[ERROR] F:\git files\testing-repository\ADS-1\ADS 1 Assignments\m12\Assignment-1\Solution.java:6:9: Missing a Javadoc comment. [JavadocVariable]
[ERROR] F:\git files\testing-repository\ADS-1\ADS 1 Assignments\m12\Assignment-1\Solution.java:6:13: Variable 'sub1' must be private and have accessor methods. [VisibilityModifier]
[ERROR] F:\git files\testing-repository\ADS-1\ADS 1 Assignments\m12\Assignment-1\Solution.java:7:9: Missing a Javadoc comment. [JavadocVariable]
[ERROR] F:\git files\testing-repository\ADS-1\ADS 1 Assignments\m12\Assignment-1\Solution.java:7:13: Variable 'sub2' must be private and have accessor methods. [VisibilityModifier]
[ERROR] F:\git files\testing-repository\ADS-1\ADS 1 Assignments\m12\Assignment-1\Solution.java:8:9: Missing a Javadoc comment. [JavadocVariable]
[ERROR] F:\git files\testing-repository\ADS-1\ADS 1 Assignments\m12\Assignment-1\Solution.java:8:13: Variable 'sub3' must be private and have accessor methods. [VisibilityModifier]
[ERROR] F:\git files\testing-repository\ADS-1\ADS 1 Assignments\m12\Assignment-1\Solution.java:9:9: Missing a Javadoc comment. [JavadocVariable]
[ERROR] F:\git files\testing-repository\ADS-1\ADS 1 Assignments\m12\Assignment-1\Solution.java:9:13: Variable 'tot' must be private and have accessor methods. [VisibilityModifier]
[ERROR] F:\git files\testing-repository\ADS-1\ADS 1 Assignments\m12\Assignment-1\Solution.java:10:9: Missing a Javadoc comment. [JavadocVariable]
[ERROR] F:\git files\testing-repository\ADS-1\ADS 1 Assignments\m12\Assignment-1\Solution.java:10:16: Variable 'cat' must be private and have accessor methods. [VisibilityModifier]
[ERROR] F:\git files\testing-repository\ADS-1\ADS 1 Assignments\m12\Assignment-1\Solution.java:11:9: Missing a Javadoc comment. [JavadocMethod]
[ERROR] F:\git files\testing-repository\ADS-1\ADS 1 Assignments\m12\Assignment-1\Solution.java:11:18: '{' is not preceded with whitespace. [WhitespaceAround]
[ERROR] F:\git files\testing-repository\ADS-1\ADS 1 Assignments\m12\Assignment-1\Solution.java:14:9: Missing a Javadoc comment. [JavadocMethod]
[ERROR] F:\git files\testing-repository\ADS-1\ADS 1 Assignments\m12\Assignment-1\Solution.java:14:17: Parameter sName1 should be final. [FinalParameters]
[ERROR] F:\git files\testing-repository\ADS-1\ADS 1 Assignments\m12\Assignment-1\Solution.java:14:32: Parameter dob1 should be final. [FinalParameters]
[ERROR] F:\git files\testing-repository\ADS-1\ADS 1 Assignments\m12\Assignment-1\Solution.java:14:45: Parameter subOne should be final. [FinalParameters]
[ERROR] F:\git files\testing-repository\ADS-1\ADS 1 Assignments\m12\Assignment-1\Solution.java:14:57: Parameter subTwo should be final. [FinalParameters]
[ERROR] F:\git files\testing-repository\ADS-1\ADS 1 Assignments\m12\Assignment-1\Solution.java:15:17: Parameter subThree should be final. [FinalParameters]
[ERROR] F:\git files\testing-repository\ADS-1\ADS 1 Assignments\m12\Assignment-1\Solution.java:15:31: Parameter total should be final. [FinalParameters]
[ERROR] F:\git files\testing-repository\ADS-1\ADS 1 Assignments\m12\Assignment-1\Solution.java:15:42: Parameter category should be final. [FinalParameters]
[ERROR] F:\git files\testing-repository\ADS-1\ADS 1 Assignments\m12\Assignment-1\Solution.java:24:9: Missing a Javadoc comment. [JavadocMethod]
[ERROR] F:\git files\testing-repository\ADS-1\ADS 1 Assignments\m12\Assignment-1\Solution.java:24:30: Parameter obj should be final. [FinalParameters]
[ERROR] F:\git files\testing-repository\ADS-1\ADS 1 Assignments\m12\Assignment-1\Solution.java:55:9: Missing a Javadoc comment. [JavadocMethod]
[ERROR] F:\git files\testing-repository\ADS-1\ADS 1 Assignments\m12\Assignment-1\Solution.java:57:33: '+' is not preceded with whitespace. [WhitespaceAround]
[ERROR] F:\git files\testing-repository\ADS-1\ADS 1 Assignments\m12\Assignment-1\Solution.java:57:34: '+' is not followed by whitespace. [WhitespaceAround]
[ERROR] F:\git files\testing-repository\ADS-1\ADS 1 Assignments\m12\Assignment-1\Solution.java:57:37: '+' is not preceded with whitespace. [WhitespaceAround]
[ERROR] F:\git files\testing-repository\ADS-1\ADS 1 Assignments\m12\Assignment-1\Solution.java:57:38: '+' is not followed by whitespace. [WhitespaceAround]
[ERROR] F:\git files\testing-repository\ADS-1\ADS 1 Assignments\m12\Assignment-1\Solution.java:57:46: '+' is not preceded with whitespace. [WhitespaceAround]
[ERROR] F:\git files\testing-repository\ADS-1\ADS 1 Assignments\m12\Assignment-1\Solution.java:57:47: '+' is not followed by whitespace. [WhitespaceAround]
[ERROR] F:\git files\testing-repository\ADS-1\ADS 1 Assignments\m12\Assignment-1\Solution.java:57:50: '+' is not preceded with whitespace. [WhitespaceAround]
[ERROR] F:\git files\testing-repository\ADS-1\ADS 1 Assignments\m12\Assignment-1\Solution.java:57:51: '+' is not followed by whitespace. [WhitespaceAround]
[ERROR] F:\git files\testing-repository\ADS-1\ADS 1 Assignments\m12\Assignment-1\Solution.java:60:9: Missing a Javadoc comment. [JavadocMethod]
[ERROR] F:\git files\testing-repository\ADS-1\ADS 1 Assignments\m12\Assignment-1\Solution.java:60:36: '{' is not preceded with whitespace. [WhitespaceAround]
[ERROR] F:\git files\testing-repository\ADS-1\ADS 1 Assignments\m12\Assignment-1\Solution.java:64: Missing a Javadoc comment. [JavadocType]
[ERROR] F:\git files\testing-repository\ADS-1\ADS 1 Assignments\m12\Assignment-1\Solution.java:65:16: Missing a Javadoc comment. [JavadocVariable]
[ERROR] F:\git files\testing-repository\ADS-1\ADS 1 Assignments\m12\Assignment-1\Solution.java:65:19: Variable 'details' must be private and have accessor methods. [VisibilityModifier]
[ERROR] F:\git files\testing-repository\ADS-1\ADS 1 Assignments\m12\Assignment-1\Solution.java:66:9: Missing a Javadoc comment. [JavadocVariable]
[ERROR] F:\git files\testing-repository\ADS-1\ADS 1 Assignments\m12\Assignment-1\Solution.java:66:13: Variable 'size' must be private and have accessor methods. [VisibilityModifier]
[ERROR] F:\git files\testing-repository\ADS-1\ADS 1 Assignments\m12\Assignment-1\Solution.java:67:9: Missing a Javadoc comment. [JavadocVariable]
[ERROR] F:\git files\testing-repository\ADS-1\ADS 1 Assignments\m12\Assignment-1\Solution.java:67:13: Variable 'vac' must be private and have accessor methods. [VisibilityModifier]
[ERROR] F:\git files\testing-repository\ADS-1\ADS 1 Assignments\m12\Assignment-1\Solution.java:68:9: Missing a Javadoc comment. [JavadocVariable]
[ERROR] F:\git files\testing-repository\ADS-1\ADS 1 Assignments\m12\Assignment-1\Solution.java:68:13: Variable 'un' must be private and have accessor methods. [VisibilityModifier]
[ERROR] F:\git files\testing-repository\ADS-1\ADS 1 Assignments\m12\Assignment-1\Solution.java:69:9: Missing a Javadoc comment. [JavadocVariable]
[ERROR] F:\git files\testing-repository\ADS-1\ADS 1 Assignments\m12\Assignment-1\Solution.java:69:13: Variable 'bc' must be private and have accessor methods. [VisibilityModifier]
[ERROR] F:\git files\testing-repository\ADS-1\ADS 1 Assignments\m12\Assignment-1\Solution.java:70:9: Missing a Javadoc comment. [JavadocVariable]
[ERROR] F:\git files\testing-repository\ADS-1\ADS 1 Assignments\m12\Assignment-1\Solution.java:70:13: Variable 'sc' must be private and have accessor methods. [VisibilityModifier]
[ERROR] F:\git files\testing-repository\ADS-1\ADS 1 Assignments\m12\Assignment-1\Solution.java:71:9: Missing a Javadoc comment. [JavadocVariable]
[ERROR] F:\git files\testing-repository\ADS-1\ADS 1 Assignments\m12\Assignment-1\Solution.java:71:13: Variable 'st' must be private and have accessor methods. [VisibilityModifier]
[ERROR] F:\git files\testing-repository\ADS-1\ADS 1 Assignments\m12\Assignment-1\Solution.java:72:9: Missing a Javadoc comment. [JavadocVariable]
[ERROR] F:\git files\testing-repository\ADS-1\ADS 1 Assignments\m12\Assignment-1\Solution.java:72:17: Variable 'obj1' must be private and have accessor methods. [VisibilityModifier]
[ERROR] F:\git files\testing-repository\ADS-1\ADS 1 Assignments\m12\Assignment-1\Solution.java:73:9: Missing a Javadoc comment. [JavadocMethod]
[ERROR] F:\git files\testing-repository\ADS-1\ADS 1 Assignments\m12\Assignment-1\Solution.java:74:39: '20' is a magic number. [MagicNumber]
[ERROR] F:\git files\testing-repository\ADS-1\ADS 1 Assignments\m12\Assignment-1\Solution.java:77:9: Missing a Javadoc comment. [JavadocMethod]
[ERROR] F:\git files\testing-repository\ADS-1\ADS 1 Assignments\m12\Assignment-1\Solution.java:77:28: Parameter vace should be final. [FinalParameters]
[ERROR] F:\git files\testing-repository\ADS-1\ADS 1 Assignments\m12\Assignment-1\Solution.java:77:38: Parameter unr should be final. [FinalParameters]
[ERROR] F:\git files\testing-repository\ADS-1\ADS 1 Assignments\m12\Assignment-1\Solution.java:77:47: Parameter bc1 should be final. [FinalParameters]
[ERROR] F:\git files\testing-repository\ADS-1\ADS 1 Assignments\m12\Assignment-1\Solution.java:77:56: Parameter sc1 should be final. [FinalParameters]
[ERROR] F:\git files\testing-repository\ADS-1\ADS 1 Assignments\m12\Assignment-1\Solution.java:77:65: Parameter st1 should be final. [FinalParameters]
[ERROR] F:\git files\testing-repository\ADS-1\ADS 1 Assignments\m12\Assignment-1\Solution.java:84:9: Missing a Javadoc comment. [JavadocMethod]
[ERROR] F:\git files\testing-repository\ADS-1\ADS 1 Assignments\m12\Assignment-1\Solution.java:84:25: Parameter obj should be final. [FinalParameters]
[ERROR] F:\git files\testing-repository\ADS-1\ADS 1 Assignments\m12\Assignment-1\Solution.java:90:9: Missing a Javadoc comment. [JavadocMethod]
[ERROR] F:\git files\testing-repository\ADS-1\ADS 1 Assignments\m12\Assignment-1\Solution.java:90:27: '{' is not preceded with whitespace. [WhitespaceAround]
[ERROR] F:\git files\testing-repository\ADS-1\ADS 1 Assignments\m12\Assignment-1\Solution.java:94:9: Missing a Javadoc comment. [JavadocMethod]
[ERROR] F:\git files\testing-repository\ADS-1\ADS 1 Assignments\m12\Assignment-1\Solution.java:95:49: ',' is not followed by whitespace. [WhitespaceAfter]
[ERROR] F:\git files\testing-repository\ADS-1\ADS 1 Assignments\m12\Assignment-1\Solution.java:95:50: '*' is not preceded with whitespace. [WhitespaceAround]
[ERROR] F:\git files\testing-repository\ADS-1\ADS 1 Assignments\m12\Assignment-1\Solution.java:95:51: '*' is not followed by whitespace. [WhitespaceAround]
[ERROR] F:\git files\testing-repository\ADS-1\ADS 1 Assignments\m12\Assignment-1\Solution.java:97:9: Missing a Javadoc comment. [JavadocMethod]
[ERROR] F:\git files\testing-repository\ADS-1\ADS 1 Assignments\m12\Assignment-1\Solution.java:97:28: '{' is not preceded with whitespace. [WhitespaceAround]
[ERROR] F:\git files\testing-repository\ADS-1\ADS 1 Assignments\m12\Assignment-1\Solution.java:98:20: 'for' is not followed by whitespace. [WhitespaceAround]
[ERROR] F:\git files\testing-repository\ADS-1\ADS 1 Assignments\m12\Assignment-1\Solution.java:98:31: ';' is not followed by whitespace. [WhitespaceAfter]
[ERROR] F:\git files\testing-repository\ADS-1\ADS 1 Assignments\m12\Assignment-1\Solution.java:98:32: '<' is not preceded with whitespace. [WhitespaceAround]
[ERROR] F:\git files\testing-repository\ADS-1\ADS 1 Assignments\m12\Assignment-1\Solution.java:98:33: '<' is not followed by whitespace. [WhitespaceAround]
[ERROR] F:\git files\testing-repository\ADS-1\ADS 1 Assignments\m12\Assignment-1\Solution.java:98:38: ';' is not followed by whitespace. [WhitespaceAfter]
[ERROR] F:\git files\testing-repository\ADS-1\ADS 1 Assignments\m12\Assignment-1\Solution.java:98:42: '{' is not preceded with whitespace. [WhitespaceAround]
[ERROR] F:\git files\testing-repository\ADS-1\ADS 1 Assignments\m12\Assignment-1\Solution.java:102:9: Missing a Javadoc comment. [JavadocMethod]
[ERROR] F:\git files\testing-repository\ADS-1\ADS 1 Assignments\m12\Assignment-1\Solution.java:102:32: '{' is not preceded with whitespace. [WhitespaceAround]
[ERROR] F:\git files\testing-repository\ADS-1\ADS 1 Assignments\m12\Assignment-1\Solution.java:104:30: '=' is not followed by whitespace. [WhitespaceAround]
[ERROR] F:\git files\testing-repository\ADS-1\ADS 1 Assignments\m12\Assignment-1\Solution.java:107:20: 'for' is not followed by whitespace. [WhitespaceAround]
[ERROR] F:\git files\testing-repository\ADS-1\ADS 1 Assignments\m12\Assignment-1\Solution.java:107:27: ';' is not followed by whitespace. [WhitespaceAfter]
[ERROR] F:\git files\testing-repository\ADS-1\ADS 1 Assignments\m12\Assignment-1\Solution.java:107:28: '<' is not preceded with whitespace. [WhitespaceAround]
[ERROR] F:\git files\testing-repository\ADS-1\ADS 1 Assignments\m12\Assignment-1\Solution.java:107:29: '<' is not followed by whitespace. [WhitespaceAround]
[ERROR] F:\git files\testing-repository\ADS-1\ADS 1 Assignments\m12\Assignment-1\Solution.java:107:32: ';' is not followed by whitespace. [WhitespaceAfter]
[ERROR] F:\git files\testing-repository\ADS-1\ADS 1 Assignments\m12\Assignment-1\Solution.java:107:36: '{' is not preceded with whitespace. [WhitespaceAround]
[ERROR] F:\git files\testing-repository\ADS-1\ADS 1 Assignments\m12\Assignment-1\Solution.java:111:22: 'while' is not followed by whitespace. [WhitespaceAround]
[ERROR] F:\git files\testing-repository\ADS-1\ADS 1 Assignments\m12\Assignment-1\Solution.java:111:30: '<' is not preceded with whitespace. [WhitespaceAround]
[ERROR] F:\git files\testing-repository\ADS-1\ADS 1 Assignments\m12\Assignment-1\Solution.java:111:31: '<' is not followed by whitespace. [WhitespaceAround]
[ERROR] F:\git files\testing-repository\ADS-1\ADS 1 Assignments\m12\Assignment-1\Solution.java:111:33: '&&' is not preceded with whitespace. [WhitespaceAround]
[ERROR] F:\git files\testing-repository\ADS-1\ADS 1 Assignments\m12\Assignment-1\Solution.java:111:35: '&&' is not followed by whitespace. [WhitespaceAround]
[ERROR] F:\git files\testing-repository\ADS-1\ADS 1 Assignments\m12\Assignment-1\Solution.java:111:36: '<' is not preceded with whitespace. [WhitespaceAround]
[ERROR] F:\git files\testing-repository\ADS-1\ADS 1 Assignments\m12\Assignment-1\Solution.java:111:37: '<' is not followed by whitespace. [WhitespaceAround]
[ERROR] F:\git files\testing-repository\ADS-1\ADS 1 Assignments\m12\Assignment-1\Solution.java:111:42: '{' is not preceded with whitespace. [WhitespaceAround]
[ERROR] F:\git files\testing-repository\ADS-1\ADS 1 Assignments\m12\Assignment-1\Solution.java:112:27: 'if' is not followed by whitespace. [WhitespaceAround]
[ERROR] F:\git files\testing-repository\ADS-1\ADS 1 Assignments\m12\Assignment-1\Solution.java:112:66: '{' is not preceded with whitespace. [WhitespaceAround]
[ERROR] F:\git files\testing-repository\ADS-1\ADS 1 Assignments\m12\Assignment-1\Solution.java:119:22: 'while' is not followed by whitespace. [WhitespaceAround]
[ERROR] F:\git files\testing-repository\ADS-1\ADS 1 Assignments\m12\Assignment-1\Solution.java:119:30: '<' is not preceded with whitespace. [WhitespaceAround]
[ERROR] F:\git files\testing-repository\ADS-1\ADS 1 Assignments\m12\Assignment-1\Solution.java:119:31: '<' is not followed by whitespace. [WhitespaceAround]
[ERROR] F:\git files\testing-repository\ADS-1\ADS 1 Assignments\m12\Assignment-1\Solution.java:119:33: '&&' is not preceded with whitespace. [WhitespaceAround]
[ERROR] F:\git files\testing-repository\ADS-1\ADS 1 Assignments\m12\Assignment-1\Solution.java:119:35: '&&' is not followed by whitespace. [WhitespaceAround]
[ERROR] F:\git files\testing-repository\ADS-1\ADS 1 Assignments\m12\Assignment-1\Solution.java:119:36: '<' is not preceded with whitespace. [WhitespaceAround]
[ERROR] F:\git files\testing-repository\ADS-1\ADS 1 Assignments\m12\Assignment-1\Solution.java:119:37: '<' is not followed by whitespace. [WhitespaceAround]
[ERROR] F:\git files\testing-repository\ADS-1\ADS 1 Assignments\m12\Assignment-1\Solution.java:119:42: '{' is not preceded with whitespace. [WhitespaceAround]
[ERROR] F:\git files\testing-repository\ADS-1\ADS 1 Assignments\m12\Assignment-1\Solution.java:120:27: 'if' is not followed by whitespace. [WhitespaceAround]
[ERROR] F:\git files\testing-repository\ADS-1\ADS 1 Assignments\m12\Assignment-1\Solution.java:120:66: '{' is not preceded with whitespace. [WhitespaceAround]
[ERROR] F:\git files\testing-repository\ADS-1\ADS 1 Assignments\m12\Assignment-1\Solution.java:127:22: 'while' is not followed by whitespace. [WhitespaceAround]
[ERROR] F:\git files\testing-repository\ADS-1\ADS 1 Assignments\m12\Assignment-1\Solution.java:127:30: '<' is not preceded with whitespace. [WhitespaceAround]
[ERROR] F:\git files\testing-repository\ADS-1\ADS 1 Assignments\m12\Assignment-1\Solution.java:127:31: '<' is not followed by whitespace. [WhitespaceAround]
[ERROR] F:\git files\testing-repository\ADS-1\ADS 1 Assignments\m12\Assignment-1\Solution.java:127:33: '&&' is not preceded with whitespace. [WhitespaceAround]
[ERROR] F:\git files\testing-repository\ADS-1\ADS 1 Assignments\m12\Assignment-1\Solution.java:127:35: '&&' is not followed by whitespace. [WhitespaceAround]
[ERROR] F:\git files\testing-repository\ADS-1\ADS 1 Assignments\m12\Assignment-1\Solution.java:127:36: '<' is not preceded with whitespace. [WhitespaceAround]
[ERROR] F:\git files\testing-repository\ADS-1\ADS 1 Assignments\m12\Assignment-1\Solution.java:127:37: '<' is not followed by whitespace. [WhitespaceAround]
[ERROR] F:\git files\testing-repository\ADS-1\ADS 1 Assignments\m12\Assignment-1\Solution.java:127:42: '{' is not preceded with whitespace. [WhitespaceAround]
[ERROR] F:\git files\testing-repository\ADS-1\ADS 1 Assignments\m12\Assignment-1\Solution.java:128:27: 'if' is not followed by whitespace. [WhitespaceAround]
[ERROR] F:\git files\testing-repository\ADS-1\ADS 1 Assignments\m12\Assignment-1\Solution.java:128:66: '{' is not preceded with whitespace. [WhitespaceAround]
[ERROR] F:\git files\testing-repository\ADS-1\ADS 1 Assignments\m12\Assignment-1\Solution.java:134: Line has trailing spaces. [RegexpSingleline]
[ERROR] F:\git files\testing-repository\ADS-1\ADS 1 Assignments\m12\Assignment-1\Solution.java:135: Line has trailing spaces. [RegexpSingleline]
[ERROR] F:\git files\testing-repository\ADS-1\ADS 1 Assignments\m12\Assignment-1\Solution.java:141:1: Utility classes should not have a public or default constructor. [HideUtilityClassConstructor]
[ERROR] F:\git files\testing-repository\ADS-1\ADS 1 Assignments\m12\Assignment-1\Solution.java:142: First sentence should end with a period. [JavadocStyle]
[ERROR] F:\git files\testing-repository\ADS-1\ADS 1 Assignments\m12\Assignment-1\Solution.java:148:21: Name 'N' must match pattern '^[a-z][a-zA-Z0-9]*$'. [LocalVariableName]
[ERROR] F:\git files\testing-repository\ADS-1\ADS 1 Assignments\m12\Assignment-1\Solution.java:153: 'else' construct must use '{}'s. [NeedBraces]
[ERROR] F:\git files\testing-repository\ADS-1\ADS 1 Assignments\m12\Assignment-1\Solution.java:157: First sentence should end with a period. [JavadocStyle]
[ERROR] F:\git files\testing-repository\ADS-1\ADS 1 Assignments\m12\Assignment-1\Solution.java:168: First sentence should end with a period. [JavadocStyle]
[ERROR] F:\git files\testing-repository\ADS-1\ADS 1 Assignments\m12\Assignment-1\Solution.java:183: Missing a Javadoc comment. [JavadocType]
[ERROR] F:\git files\testing-repository\ADS-1\ADS 1 Assignments\m12\Assignment-1\Solution.java:183:1: Utility classes should not have a public or default constructor. [HideUtilityClassConstructor]
[ERROR] F:\git files\testing-repository\ADS-1\ADS 1 Assignments\m12\Assignment-1\Solution.java:184:9: Missing a Javadoc comment. [JavadocMethod]
[ERROR] F:\git files\testing-repository\ADS-1\ADS 1 Assignments\m12\Assignment-1\Solution.java:184:33: Parameter args should be final. [FinalParameters]
[ERROR] F:\git files\testing-repository\ADS-1\ADS 1 Assignments\m12\Assignment-1\Solution.java:187:21: Name 'N' must match pattern '^[a-z][a-zA-Z0-9]*$'. [LocalVariableName]
[ERROR] F:\git files\testing-repository\ADS-1\ADS 1 Assignments\m12\Assignment-1\Solution.java:196: Line is longer than 80 characters (found 100). [LineLength]
[ERROR] F:\git files\testing-repository\ADS-1\ADS 1 Assignments\m12\Assignment-1\Solution.java:197: Line is longer than 80 characters (found 136). [LineLength]
[ERROR] F:\git files\testing-repository\ADS-1\ADS 1 Assignments\m12\Assignment-1\Solution.java:197:75: '3' is a magic number. [MagicNumber]
[ERROR] F:\git files\testing-repository\ADS-1\ADS 1 Assignments\m12\Assignment-1\Solution.java:197:104: '4' is a magic number. [MagicNumber]
[ERROR] F:\git files\testing-repository\ADS-1\ADS 1 Assignments\m12\Assignment-1\Solution.java:197:133: '5' is a magic number. [MagicNumber]
[ERROR] F:\git files\testing-repository\ADS-1\ADS 1 Assignments\m12\Assignment-1\Solution.java:198:58: '6' is a magic number. [MagicNumber]
Audit done.
Checkstyle ends with 139 errors.
