Starting audit...
[ERROR] F:\git files\testing-repository\ADS-1\ADS 1 Assignments\m12\Assignment-1\Solution.java:0: File does not end with a newline. [NewlineAtEndOfFile]
[ERROR] F:\git files\testing-repository\ADS-1\ADS 1 Assignments\m12\Assignment-1\Solution.java:3: Missing a Javadoc comment. [JavadocType]
[ERROR] F:\git files\testing-repository\ADS-1\ADS 1 Assignments\m12\Assignment-1\Solution.java:4:1: File contains tab characters (this is the first instance). [FileTabCharacter]
[ERROR] F:\git files\testing-repository\ADS-1\ADS 1 Assignments\m12\Assignment-1\Solution.java:4:9: Missing a Javadoc comment. [JavadocVariable]
[ERROR] F:\git files\testing-repository\ADS-1\ADS 1 Assignments\m12\Assignment-1\Solution.java:4:16: Variable 'sname' must be private and have accessor methods. [VisibilityModifier]
[ERROR] F:\git files\testing-repository\ADS-1\ADS 1 Assignments\m12\Assignment-1\Solution.java:5:9: Missing a Javadoc comment. [JavadocVariable]
[ERROR] F:\git files\testing-repository\ADS-1\ADS 1 Assignments\m12\Assignment-1\Solution.java:5:16: Variable 'dob' must be private and have accessor methods. [VisibilityModifier]
[ERROR] F:\git files\testing-repository\ADS-1\ADS 1 Assignments\m12\Assignment-1\Solution.java:6:9: Missing a Javadoc comment. [JavadocVariable]
[ERROR] F:\git files\testing-repository\ADS-1\ADS 1 Assignments\m12\Assignment-1\Solution.java:6:13: Variable 'sub1' must be private and have accessor methods. [VisibilityModifier]
[ERROR] F:\git files\testing-repository\ADS-1\ADS 1 Assignments\m12\Assignment-1\Solution.java:7:9: Missing a Javadoc comment. [JavadocVariable]
[ERROR] F:\git files\testing-repository\ADS-1\ADS 1 Assignments\m12\Assignment-1\Solution.java:7:13: Variable 'sub2' must be private and have accessor methods. [VisibilityModifier]
[ERROR] F:\git files\testing-repository\ADS-1\ADS 1 Assignments\m12\Assignment-1\Solution.java:8:9: Missing a Javadoc comment. [JavadocVariable]
[ERROR] F:\git files\testing-repository\ADS-1\ADS 1 Assignments\m12\Assignment-1\Solution.java:8:13: Variable 'sub3' must be private and have accessor methods. [VisibilityModifier]
[ERROR] F:\git files\testing-repository\ADS-1\ADS 1 Assignments\m12\Assignment-1\Solution.java:9:9: Missing a Javadoc comment. [JavadocVariable]
[ERROR] F:\git files\testing-repository\ADS-1\ADS 1 Assignments\m12\Assignment-1\Solution.java:9:13: Variable 'tot' must be private and have accessor methods. [VisibilityModifier]
[ERROR] F:\git files\testing-repository\ADS-1\ADS 1 Assignments\m12\Assignment-1\Solution.java:10:9: Missing a Javadoc comment. [JavadocVariable]
[ERROR] F:\git files\testing-repository\ADS-1\ADS 1 Assignments\m12\Assignment-1\Solution.java:10:16: Variable 'cat' must be private and have accessor methods. [VisibilityModifier]
[ERROR] F:\git files\testing-repository\ADS-1\ADS 1 Assignments\m12\Assignment-1\Solution.java:11:9: Missing a Javadoc comment. [JavadocMethod]
[ERROR] F:\git files\testing-repository\ADS-1\ADS 1 Assignments\m12\Assignment-1\Solution.java:11:18: '{' is not preceded with whitespace. [WhitespaceAround]
[ERROR] F:\git files\testing-repository\ADS-1\ADS 1 Assignments\m12\Assignment-1\Solution.java:14:9: Missing a Javadoc comment. [JavadocMethod]
[ERROR] F:\git files\testing-repository\ADS-1\ADS 1 Assignments\m12\Assignment-1\Solution.java:14:17: Parameter sName1 should be final. [FinalParameters]
[ERROR] F:\git files\testing-repository\ADS-1\ADS 1 Assignments\m12\Assignment-1\Solution.java:14:32: Parameter dob1 should be final. [FinalParameters]
[ERROR] F:\git files\testing-repository\ADS-1\ADS 1 Assignments\m12\Assignment-1\Solution.java:14:45: Parameter subOne should be final. [FinalParameters]
[ERROR] F:\git files\testing-repository\ADS-1\ADS 1 Assignments\m12\Assignment-1\Solution.java:14:57: Parameter subTwo should be final. [FinalParameters]
[ERROR] F:\git files\testing-repository\ADS-1\ADS 1 Assignments\m12\Assignment-1\Solution.java:15:17: Parameter subThree should be final. [FinalParameters]
[ERROR] F:\git files\testing-repository\ADS-1\ADS 1 Assignments\m12\Assignment-1\Solution.java:15:31: Parameter total should be final. [FinalParameters]
[ERROR] F:\git files\testing-repository\ADS-1\ADS 1 Assignments\m12\Assignment-1\Solution.java:15:42: Parameter category should be final. [FinalParameters]
[ERROR] F:\git files\testing-repository\ADS-1\ADS 1 Assignments\m12\Assignment-1\Solution.java:24:9: Missing a Javadoc comment. [JavadocMethod]
[ERROR] F:\git files\testing-repository\ADS-1\ADS 1 Assignments\m12\Assignment-1\Solution.java:24:30: Parameter obj should be final. [FinalParameters]
[ERROR] F:\git files\testing-repository\ADS-1\ADS 1 Assignments\m12\Assignment-1\Solution.java:55:9: Missing a Javadoc comment. [JavadocMethod]
[ERROR] F:\git files\testing-repository\ADS-1\ADS 1 Assignments\m12\Assignment-1\Solution.java:57:33: '+' is not preceded with whitespace. [WhitespaceAround]
[ERROR] F:\git files\testing-repository\ADS-1\ADS 1 Assignments\m12\Assignment-1\Solution.java:57:34: '+' is not followed by whitespace. [WhitespaceAround]
[ERROR] F:\git files\testing-repository\ADS-1\ADS 1 Assignments\m12\Assignment-1\Solution.java:57:37: '+' is not preceded with whitespace. [WhitespaceAround]
[ERROR] F:\git files\testing-repository\ADS-1\ADS 1 Assignments\m12\Assignment-1\Solution.java:57:38: '+' is not followed by whitespace. [WhitespaceAround]
[ERROR] F:\git files\testing-repository\ADS-1\ADS 1 Assignments\m12\Assignment-1\Solution.java:57:46: '+' is not preceded with whitespace. [WhitespaceAround]
[ERROR] F:\git files\testing-repository\ADS-1\ADS 1 Assignments\m12\Assignment-1\Solution.java:57:47: '+' is not followed by whitespace. [WhitespaceAround]
[ERROR] F:\git files\testing-repository\ADS-1\ADS 1 Assignments\m12\Assignment-1\Solution.java:57:50: '+' is not preceded with whitespace. [WhitespaceAround]
[ERROR] F:\git files\testing-repository\ADS-1\ADS 1 Assignments\m12\Assignment-1\Solution.java:57:51: '+' is not followed by whitespace. [WhitespaceAround]
[ERROR] F:\git files\testing-repository\ADS-1\ADS 1 Assignments\m12\Assignment-1\Solution.java:60:9: Missing a Javadoc comment. [JavadocMethod]
[ERROR] F:\git files\testing-repository\ADS-1\ADS 1 Assignments\m12\Assignment-1\Solution.java:60:36: '{' is not preceded with whitespace. [WhitespaceAround]
[ERROR] F:\git files\testing-repository\ADS-1\ADS 1 Assignments\m12\Assignment-1\Solution.java:64: Missing a Javadoc comment. [JavadocType]
[ERROR] F:\git files\testing-repository\ADS-1\ADS 1 Assignments\m12\Assignment-1\Solution.java:65:16: Missing a Javadoc comment. [JavadocVariable]
[ERROR] F:\git files\testing-repository\ADS-1\ADS 1 Assignments\m12\Assignment-1\Solution.java:65:19: Variable 'details' must be private and have accessor methods. [VisibilityModifier]
[ERROR] F:\git files\testing-repository\ADS-1\ADS 1 Assignments\m12\Assignment-1\Solution.java:66:9: Missing a Javadoc comment. [JavadocVariable]
[ERROR] F:\git files\testing-repository\ADS-1\ADS 1 Assignments\m12\Assignment-1\Solution.java:66:13: Variable 'size' must be private and have accessor methods. [VisibilityModifier]
[ERROR] F:\git files\testing-repository\ADS-1\ADS 1 Assignments\m12\Assignment-1\Solution.java:67:9: Missing a Javadoc comment. [JavadocVariable]
[ERROR] F:\git files\testing-repository\ADS-1\ADS 1 Assignments\m12\Assignment-1\Solution.java:67:13: Variable 'vac' must be private and have accessor methods. [VisibilityModifier]
[ERROR] F:\git files\testing-repository\ADS-1\ADS 1 Assignments\m12\Assignment-1\Solution.java:68:9: Missing a Javadoc comment. [JavadocVariable]
[ERROR] F:\git files\testing-repository\ADS-1\ADS 1 Assignments\m12\Assignment-1\Solution.java:68:13: Variable 'un' must be private and have accessor methods. [VisibilityModifier]
[ERROR] F:\git files\testing-repository\ADS-1\ADS 1 Assignments\m12\Assignment-1\Solution.java:69:9: Missing a Javadoc comment. [JavadocVariable]
[ERROR] F:\git files\testing-repository\ADS-1\ADS 1 Assignments\m12\Assignment-1\Solution.java:69:13: Variable 'bc' must be private and have accessor methods. [VisibilityModifier]
[ERROR] F:\git files\testing-repository\ADS-1\ADS 1 Assignments\m12\Assignment-1\Solution.java:70:9: Missing a Javadoc comment. [JavadocVariable]
[ERROR] F:\git files\testing-repository\ADS-1\ADS 1 Assignments\m12\Assignment-1\Solution.java:70:13: Variable 'sc' must be private and have accessor methods. [VisibilityModifier]
[ERROR] F:\git files\testing-repository\ADS-1\ADS 1 Assignments\m12\Assignment-1\Solution.java:71:9: Missing a Javadoc comment. [JavadocVariable]
[ERROR] F:\git files\testing-repository\ADS-1\ADS 1 Assignments\m12\Assignment-1\Solution.java:71:13: Variable 'st' must be private and have accessor methods. [VisibilityModifier]
[ERROR] F:\git files\testing-repository\ADS-1\ADS 1 Assignments\m12\Assignment-1\Solution.java:72:9: Missing a Javadoc comment. [JavadocVariable]
[ERROR] F:\git files\testing-repository\ADS-1\ADS 1 Assignments\m12\Assignment-1\Solution.java:72:17: Variable 'obj1' must be private and have accessor methods. [VisibilityModifier]
[ERROR] F:\git files\testing-repository\ADS-1\ADS 1 Assignments\m12\Assignment-1\Solution.java:73:9: Missing a Javadoc comment. [JavadocMethod]
[ERROR] F:\git files\testing-repository\ADS-1\ADS 1 Assignments\m12\Assignment-1\Solution.java:74:39: '20' is a magic number. [MagicNumber]
[ERROR] F:\git files\testing-repository\ADS-1\ADS 1 Assignments\m12\Assignment-1\Solution.java:86:28: Parameter vace should be final. [FinalParameters]
[ERROR] F:\git files\testing-repository\ADS-1\ADS 1 Assignments\m12\Assignment-1\Solution.java:86:38: Parameter unr should be final. [FinalParameters]
[ERROR] F:\git files\testing-repository\ADS-1\ADS 1 Assignments\m12\Assignment-1\Solution.java:86:47: Parameter bc1 should be final. [FinalParameters]
[ERROR] F:\git files\testing-repository\ADS-1\ADS 1 Assignments\m12\Assignment-1\Solution.java:86:56: Parameter sc1 should be final. [FinalParameters]
[ERROR] F:\git files\testing-repository\ADS-1\ADS 1 Assignments\m12\Assignment-1\Solution.java:86:65: Parameter st1 should be final. [FinalParameters]
[ERROR] F:\git files\testing-repository\ADS-1\ADS 1 Assignments\m12\Assignment-1\Solution.java:93: First sentence should end with a period. [JavadocStyle]
[ERROR] F:\git files\testing-repository\ADS-1\ADS 1 Assignments\m12\Assignment-1\Solution.java:98:25: Parameter obj should be final. [FinalParameters]
[ERROR] F:\git files\testing-repository\ADS-1\ADS 1 Assignments\m12\Assignment-1\Solution.java:104: First sentence should end with a period. [JavadocStyle]
[ERROR] F:\git files\testing-repository\ADS-1\ADS 1 Assignments\m12\Assignment-1\Solution.java:107:27: '{' is not preceded with whitespace. [WhitespaceAround]
[ERROR] F:\git files\testing-repository\ADS-1\ADS 1 Assignments\m12\Assignment-1\Solution.java:111: First sentence should end with a period. [JavadocStyle]
[ERROR] F:\git files\testing-repository\ADS-1\ADS 1 Assignments\m12\Assignment-1\Solution.java:115:64: '+' is not preceded with whitespace. [WhitespaceAround]
[ERROR] F:\git files\testing-repository\ADS-1\ADS 1 Assignments\m12\Assignment-1\Solution.java:115:65: '+' is not followed by whitespace. [WhitespaceAround]
[ERROR] F:\git files\testing-repository\ADS-1\ADS 1 Assignments\m12\Assignment-1\Solution.java:120:28: '{' is not preceded with whitespace. [WhitespaceAround]
[ERROR] F:\git files\testing-repository\ADS-1\ADS 1 Assignments\m12\Assignment-1\Solution.java:121:32: ';' is not followed by whitespace. [WhitespaceAfter]
[ERROR] F:\git files\testing-repository\ADS-1\ADS 1 Assignments\m12\Assignment-1\Solution.java:121:33: '<' is not preceded with whitespace. [WhitespaceAround]
[ERROR] F:\git files\testing-repository\ADS-1\ADS 1 Assignments\m12\Assignment-1\Solution.java:121:34: '<' is not followed by whitespace. [WhitespaceAround]
[ERROR] F:\git files\testing-repository\ADS-1\ADS 1 Assignments\m12\Assignment-1\Solution.java:121:39: ';' is not followed by whitespace. [WhitespaceAfter]
[ERROR] F:\git files\testing-repository\ADS-1\ADS 1 Assignments\m12\Assignment-1\Solution.java:128:32: '{' is not preceded with whitespace. [WhitespaceAround]
[ERROR] F:\git files\testing-repository\ADS-1\ADS 1 Assignments\m12\Assignment-1\Solution.java:133:28: ';' is not followed by whitespace. [WhitespaceAfter]
[ERROR] F:\git files\testing-repository\ADS-1\ADS 1 Assignments\m12\Assignment-1\Solution.java:133:29: '<' is not preceded with whitespace. [WhitespaceAround]
[ERROR] F:\git files\testing-repository\ADS-1\ADS 1 Assignments\m12\Assignment-1\Solution.java:133:30: '<' is not followed by whitespace. [WhitespaceAround]
[ERROR] F:\git files\testing-repository\ADS-1\ADS 1 Assignments\m12\Assignment-1\Solution.java:133:33: ';' is not followed by whitespace. [WhitespaceAfter]
[ERROR] F:\git files\testing-repository\ADS-1\ADS 1 Assignments\m12\Assignment-1\Solution.java:133:37: '{' is not preceded with whitespace. [WhitespaceAround]
[ERROR] F:\git files\testing-repository\ADS-1\ADS 1 Assignments\m12\Assignment-1\Solution.java:137:31: '<' is not preceded with whitespace. [WhitespaceAround]
[ERROR] F:\git files\testing-repository\ADS-1\ADS 1 Assignments\m12\Assignment-1\Solution.java:137:32: '<' is not followed by whitespace. [WhitespaceAround]
[ERROR] F:\git files\testing-repository\ADS-1\ADS 1 Assignments\m12\Assignment-1\Solution.java:137:34: '&&' is not preceded with whitespace. [WhitespaceAround]
[ERROR] F:\git files\testing-repository\ADS-1\ADS 1 Assignments\m12\Assignment-1\Solution.java:137:36: '&&' is not followed by whitespace. [WhitespaceAround]
[ERROR] F:\git files\testing-repository\ADS-1\ADS 1 Assignments\m12\Assignment-1\Solution.java:137:37: '<' is not preceded with whitespace. [WhitespaceAround]
[ERROR] F:\git files\testing-repository\ADS-1\ADS 1 Assignments\m12\Assignment-1\Solution.java:137:38: '<' is not followed by whitespace. [WhitespaceAround]
[ERROR] F:\git files\testing-repository\ADS-1\ADS 1 Assignments\m12\Assignment-1\Solution.java:137:43: '{' is not preceded with whitespace. [WhitespaceAround]
[ERROR] F:\git files\testing-repository\ADS-1\ADS 1 Assignments\m12\Assignment-1\Solution.java:138:27: 'if' is not followed by whitespace. [WhitespaceAround]
[ERROR] F:\git files\testing-repository\ADS-1\ADS 1 Assignments\m12\Assignment-1\Solution.java:138:66: '{' is not preceded with whitespace. [WhitespaceAround]
[ERROR] F:\git files\testing-repository\ADS-1\ADS 1 Assignments\m12\Assignment-1\Solution.java:145:31: '<' is not preceded with whitespace. [WhitespaceAround]
[ERROR] F:\git files\testing-repository\ADS-1\ADS 1 Assignments\m12\Assignment-1\Solution.java:145:32: '<' is not followed by whitespace. [WhitespaceAround]
[ERROR] F:\git files\testing-repository\ADS-1\ADS 1 Assignments\m12\Assignment-1\Solution.java:145:34: '&&' is not preceded with whitespace. [WhitespaceAround]
[ERROR] F:\git files\testing-repository\ADS-1\ADS 1 Assignments\m12\Assignment-1\Solution.java:145:36: '&&' is not followed by whitespace. [WhitespaceAround]
[ERROR] F:\git files\testing-repository\ADS-1\ADS 1 Assignments\m12\Assignment-1\Solution.java:145:37: '<' is not preceded with whitespace. [WhitespaceAround]
[ERROR] F:\git files\testing-repository\ADS-1\ADS 1 Assignments\m12\Assignment-1\Solution.java:145:38: '<' is not followed by whitespace. [WhitespaceAround]
[ERROR] F:\git files\testing-repository\ADS-1\ADS 1 Assignments\m12\Assignment-1\Solution.java:145:43: '{' is not preceded with whitespace. [WhitespaceAround]
[ERROR] F:\git files\testing-repository\ADS-1\ADS 1 Assignments\m12\Assignment-1\Solution.java:146:67: '{' is not preceded with whitespace. [WhitespaceAround]
[ERROR] F:\git files\testing-repository\ADS-1\ADS 1 Assignments\m12\Assignment-1\Solution.java:153:31: '<' is not preceded with whitespace. [WhitespaceAround]
[ERROR] F:\git files\testing-repository\ADS-1\ADS 1 Assignments\m12\Assignment-1\Solution.java:153:32: '<' is not followed by whitespace. [WhitespaceAround]
[ERROR] F:\git files\testing-repository\ADS-1\ADS 1 Assignments\m12\Assignment-1\Solution.java:153:34: '&&' is not preceded with whitespace. [WhitespaceAround]
[ERROR] F:\git files\testing-repository\ADS-1\ADS 1 Assignments\m12\Assignment-1\Solution.java:153:36: '&&' is not followed by whitespace. [WhitespaceAround]
[ERROR] F:\git files\testing-repository\ADS-1\ADS 1 Assignments\m12\Assignment-1\Solution.java:153:37: '<' is not preceded with whitespace. [WhitespaceAround]
[ERROR] F:\git files\testing-repository\ADS-1\ADS 1 Assignments\m12\Assignment-1\Solution.java:153:38: '<' is not followed by whitespace. [WhitespaceAround]
[ERROR] F:\git files\testing-repository\ADS-1\ADS 1 Assignments\m12\Assignment-1\Solution.java:153:43: '{' is not preceded with whitespace. [WhitespaceAround]
[ERROR] F:\git files\testing-repository\ADS-1\ADS 1 Assignments\m12\Assignment-1\Solution.java:154:67: '{' is not preceded with whitespace. [WhitespaceAround]
[ERROR] F:\git files\testing-repository\ADS-1\ADS 1 Assignments\m12\Assignment-1\Solution.java:160: Line has trailing spaces. [RegexpSingleline]
[ERROR] F:\git files\testing-repository\ADS-1\ADS 1 Assignments\m12\Assignment-1\Solution.java:161: Line has trailing spaces. [RegexpSingleline]
[ERROR] F:\git files\testing-repository\ADS-1\ADS 1 Assignments\m12\Assignment-1\Solution.java:167:1: Utility classes should not have a public or default constructor. [HideUtilityClassConstructor]
[ERROR] F:\git files\testing-repository\ADS-1\ADS 1 Assignments\m12\Assignment-1\Solution.java:174:21: Name 'N' must match pattern '^[a-z][a-zA-Z0-9]*$'. [LocalVariableName]
[ERROR] F:\git files\testing-repository\ADS-1\ADS 1 Assignments\m12\Assignment-1\Solution.java:179: 'else' construct must use '{}'s. [NeedBraces]
[ERROR] F:\git files\testing-repository\ADS-1\ADS 1 Assignments\m12\Assignment-1\Solution.java:211:1: Utility classes should not have a public or default constructor. [HideUtilityClassConstructor]
[ERROR] F:\git files\testing-repository\ADS-1\ADS 1 Assignments\m12\Assignment-1\Solution.java:212:9: Missing a Javadoc comment. [JavadocMethod]
[ERROR] F:\git files\testing-repository\ADS-1\ADS 1 Assignments\m12\Assignment-1\Solution.java:212:33: Parameter args should be final. [FinalParameters]
[ERROR] F:\git files\testing-repository\ADS-1\ADS 1 Assignments\m12\Assignment-1\Solution.java:215:21: Name 'N' must match pattern '^[a-z][a-zA-Z0-9]*$'. [LocalVariableName]
[ERROR] F:\git files\testing-repository\ADS-1\ADS 1 Assignments\m12\Assignment-1\Solution.java:224: Line is longer than 80 characters (found 100). [LineLength]
[ERROR] F:\git files\testing-repository\ADS-1\ADS 1 Assignments\m12\Assignment-1\Solution.java:225: Line is longer than 80 characters (found 136). [LineLength]
[ERROR] F:\git files\testing-repository\ADS-1\ADS 1 Assignments\m12\Assignment-1\Solution.java:225:75: '3' is a magic number. [MagicNumber]
[ERROR] F:\git files\testing-repository\ADS-1\ADS 1 Assignments\m12\Assignment-1\Solution.java:225:104: '4' is a magic number. [MagicNumber]
[ERROR] F:\git files\testing-repository\ADS-1\ADS 1 Assignments\m12\Assignment-1\Solution.java:225:133: '5' is a magic number. [MagicNumber]
[ERROR] F:\git files\testing-repository\ADS-1\ADS 1 Assignments\m12\Assignment-1\Solution.java:226:58: '6' is a magic number. [MagicNumber]
Audit done.
Checkstyle ends with 122 errors.
