Starting audit...
[ERROR] F:\git files\testing-repository\ADS-1\ADS 1 Assignments\m24\1\Studentdetails.java:5:5: Missing a Javadoc comment. [JavadocVariable]
[ERROR] F:\git files\testing-repository\ADS-1\ADS 1 Assignments\m24\1\Studentdetails.java:6:5: Missing a Javadoc comment. [JavadocVariable]
[ERROR] F:\git files\testing-repository\ADS-1\ADS 1 Assignments\m24\1\Studentdetails.java:6:17: Name 'roll_number' must match pattern '^[a-z][a-zA-Z0-9]*$'. [MemberName]
[ERROR] F:\git files\testing-repository\ADS-1\ADS 1 Assignments\m24\1\Studentdetails.java:7:5: Missing a Javadoc comment. [JavadocVariable]
[ERROR] F:\git files\testing-repository\ADS-1\ADS 1 Assignments\m24\1\Studentdetails.java:7:20: Name 'total_marks' must match pattern '^[a-z][a-zA-Z0-9]*$'. [MemberName]
[ERROR] F:\git files\testing-repository\ADS-1\ADS 1 Assignments\m24\1\Studentdetails.java:9:5: Missing a Javadoc comment. [JavadocMethod]
[ERROR] F:\git files\testing-repository\ADS-1\ADS 1 Assignments\m24\1\Studentdetails.java:9:20: Parameter studentname should be final. [FinalParameters]
[ERROR] F:\git files\testing-repository\ADS-1\ADS 1 Assignments\m24\1\Studentdetails.java:9:27: 'studentname' hides a field. [HiddenField]
[ERROR] F:\git files\testing-repository\ADS-1\ADS 1 Assignments\m24\1\Studentdetails.java:9:39: ',' is not followed by whitespace. [WhitespaceAfter]
[ERROR] F:\git files\testing-repository\ADS-1\ADS 1 Assignments\m24\1\Studentdetails.java:9:39: Parameter roll_number should be final. [FinalParameters]
[ERROR] F:\git files\testing-repository\ADS-1\ADS 1 Assignments\m24\1\Studentdetails.java:9:43: 'roll_number' hides a field. [HiddenField]
[ERROR] F:\git files\testing-repository\ADS-1\ADS 1 Assignments\m24\1\Studentdetails.java:9:43: Name 'roll_number' must match pattern '^[a-z][a-zA-Z0-9]*$'. [ParameterName]
[ERROR] F:\git files\testing-repository\ADS-1\ADS 1 Assignments\m24\1\Studentdetails.java:9:55: ',' is not followed by whitespace. [WhitespaceAfter]
[ERROR] F:\git files\testing-repository\ADS-1\ADS 1 Assignments\m24\1\Studentdetails.java:9:55: Parameter total_marks should be final. [FinalParameters]
[ERROR] F:\git files\testing-repository\ADS-1\ADS 1 Assignments\m24\1\Studentdetails.java:9:62: 'total_marks' hides a field. [HiddenField]
[ERROR] F:\git files\testing-repository\ADS-1\ADS 1 Assignments\m24\1\Studentdetails.java:9:62: Name 'total_marks' must match pattern '^[a-z][a-zA-Z0-9]*$'. [ParameterName]
[ERROR] F:\git files\testing-repository\ADS-1\ADS 1 Assignments\m24\1\Studentdetails.java:14:5: Missing a Javadoc comment. [JavadocMethod]
[ERROR] F:\git files\testing-repository\ADS-1\ADS 1 Assignments\m24\1\Studentdetails.java:18:5: Missing a Javadoc comment. [JavadocMethod]
[ERROR] F:\git files\testing-repository\ADS-1\ADS 1 Assignments\m24\1\Studentdetails.java:18:32: Parameter studentname should be final. [FinalParameters]
[ERROR] F:\git files\testing-repository\ADS-1\ADS 1 Assignments\m24\1\Studentdetails.java:18:39: 'studentname' hides a field. [HiddenField]
[ERROR] F:\git files\testing-repository\ADS-1\ADS 1 Assignments\m24\1\Studentdetails.java:22:5: Missing a Javadoc comment. [JavadocMethod]
[ERROR] F:\git files\testing-repository\ADS-1\ADS 1 Assignments\m24\1\Studentdetails.java:22:16: Name 'getRoll_number' must match pattern '^[a-z][a-zA-Z0-9]*$'. [MethodName]
[ERROR] F:\git files\testing-repository\ADS-1\ADS 1 Assignments\m24\1\Studentdetails.java:26:5: Missing a Javadoc comment. [JavadocMethod]
[ERROR] F:\git files\testing-repository\ADS-1\ADS 1 Assignments\m24\1\Studentdetails.java:26:32: Parameter roll_number should be final. [FinalParameters]
[ERROR] F:\git files\testing-repository\ADS-1\ADS 1 Assignments\m24\1\Studentdetails.java:26:39: 'roll_number' hides a field. [HiddenField]
[ERROR] F:\git files\testing-repository\ADS-1\ADS 1 Assignments\m24\1\Studentdetails.java:26:39: Name 'roll_number' must match pattern '^[a-z][a-zA-Z0-9]*$'. [ParameterName]
[ERROR] F:\git files\testing-repository\ADS-1\ADS 1 Assignments\m24\1\Studentdetails.java:31:5: Missing a Javadoc comment. [JavadocMethod]
[ERROR] F:\git files\testing-repository\ADS-1\ADS 1 Assignments\m24\1\Studentdetails.java:31:19: Name 'getTotal_marks' must match pattern '^[a-z][a-zA-Z0-9]*$'. [MethodName]
[ERROR] F:\git files\testing-repository\ADS-1\ADS 1 Assignments\m24\1\Studentdetails.java:35:5: Missing a Javadoc comment. [JavadocMethod]
[ERROR] F:\git files\testing-repository\ADS-1\ADS 1 Assignments\m24\1\Studentdetails.java:35:17: Name 'setTotal_marks' must match pattern '^[a-z][a-zA-Z0-9]*$'. [MethodName]
Audit done.
Checkstyle ends with 30 errors.
